<?xml version="1.0" encoding="UTF-8"?>
<testsuite xmlns:xsi="http://www.w3.org/2001/XMLSchema-instance" xsi:noNamespaceSchemaLocation="https://maven.apache.org/surefire/maven-surefire-plugin/xsd/surefire-test-report-3.0.xsd" version="3.0" name="model.ServicoTest" time="0.171" tests="3" errors="0" skipped="0" failures="0">
  <properties>
[...]
</properties>
  <testcase name="testToString" classname="model.ServicoTest" time="0.103"/>
  <testcase name="testConstrutor" classname="model.ServicoTest" time="0.008"/>
  <testcase name="testSetters" classname="model.ServicoTest" time="0.004"/>
</testsuite>